<?xml version="1.0" encoding="UTF-8"?>
<testng-results ignored="0" total="1" passed="1" failed="0" skipped="0">
  <reporter-output>
  </reporter-output>
  <suite started-at="2023-02-07T10:07:30 MSK" name="Default suite" finished-at="2023-02-07T10:08:17 MSK" duration-ms="47589">
    <groups>
    </groups>
    <test started-at="2023-02-07T10:07:30 MSK" name="Default test" finished-at="2023-02-07T10:08:17 MSK" duration-ms="47589">
      <class name="selenium.tests.TestNGTask">
        <test-method is-config="true" signature="BeforeClass()[pri:0, instance:selenium.tests.TestNGTask@2c1b194a]" started-at="2023-02-07T10:07:30 MSK" name="BeforeClass" finished-at="2023-02-07T10:07:54 MSK" duration-ms="24249" status="PASS">
          <reporter-output>
          </reporter-output>
        </test-method> <!-- BeforeClass -->
        <test-method signature="selectCategory()[pri:0, instance:selenium.tests.TestNGTask@2c1b194a]" started-at="2023-02-07T10:07:54 MSK" name="selectCategory" finished-at="2023-02-07T10:08:14 MSK" duration-ms="20342" status="PASS">
          <reporter-output>
          </reporter-output>
        </test-method> <!-- selectCategory -->
        <test-method is-config="true" signature="AfterClass()[pri:0, instance:selenium.tests.TestNGTask@2c1b194a]" started-at="2023-02-07T10:08:14 MSK" name="AfterClass" finished-at="2023-02-07T10:08:17 MSK" duration-ms="2881" status="PASS">
          <reporter-output>
          </reporter-output>
        </test-method> <!-- AfterClass -->
      </class> <!-- selenium.tests.TestNGTask -->
    </test> <!-- Default test -->
  </suite> <!-- Default suite -->
</testng-results>
